This is pdfTeX, Version 3.14159265-2.6-1.40.16 (TeX Live 2015/Debian) (preloaded format=pdflatex 2017.4.12)  1 MAY 2017 20:40
entering extended mode
 restricted \write18 enabled.
 %&-line parsing enabled.
**project_report.tex
(./project_report.tex
LaTeX2e <2016/02/01>
Babel <3.9q> and hyphenation patterns for 81 language(s) loaded.
(/usr/share/texlive/texmf-dist/tex/latex/base/article.cls
Document Class: article 2014/09/29 v1.4h Standard LaTeX document class
(/usr/share/texlive/texmf-dist/tex/latex/base/size10.clo
File: size10.clo 2014/09/29 v1.4h Standard LaTeX file (size option)
)
\c@part=\count79
\c@section=\count80
\c@subsection=\count81
\c@subsubsection=\count82
\c@paragraph=\count83
\c@subparagraph=\count84
\c@figure=\count85
\c@table=\count86
\abovecaptionskip=\skip41
\belowcaptionskip=\skip42
\bibindent=\dimen102
)
(/usr/share/texlive/texmf-dist/tex/latex/graphics/graphicx.sty
Package: graphicx 2014/10/28 v1.0g Enhanced LaTeX Graphics (DPC,SPQR)

(/usr/share/texlive/texmf-dist/tex/latex/graphics/keyval.sty
Package: keyval 2014/10/28 v1.15 key=value parser (DPC)
\KV@toks@=\toks14
)
(/usr/share/texlive/texmf-dist/tex/latex/graphics/graphics.sty
Package: graphics 2016/01/03 v1.0q Standard LaTeX Graphics (DPC,SPQR)

(/usr/share/texlive/texmf-dist/tex/latex/graphics/trig.sty
Package: trig 2016/01/03 v1.10 sin cos tan (DPC)
)
(/usr/share/texlive/texmf-dist/tex/latex/latexconfig/graphics.cfg
File: graphics.cfg 2010/04/23 v1.9 graphics configuration of TeX Live
)
Package graphics Info: Driver file: pdftex.def on input line 95.

(/usr/share/texlive/texmf-dist/tex/latex/pdftex-def/pdftex.def
File: pdftex.def 2011/05/27 v0.06d Graphics/color for pdfTeX

(/usr/share/texlive/texmf-dist/tex/generic/oberdiek/infwarerr.sty
Package: infwarerr 2010/04/08 v1.3 Providing info/warning/error messages (HO)
)
(/usr/share/texlive/texmf-dist/tex/generic/oberdiek/ltxcmds.sty
Package: ltxcmds 2011/11/09 v1.22 LaTeX kernel commands for general use (HO)
)
\Gread@gobject=\count87
))
\Gin@req@height=\dimen103
\Gin@req@width=\dimen104
)
(./project_report.aux)
\openout1 = `project_report.aux'.

LaTeX Font Info:    Checking defaults for OML/cmm/m/it on input line 7.
LaTeX Font Info:    ... okay on input line 7.
LaTeX Font Info:    Checking defaults for T1/cmr/m/n on input line 7.
LaTeX Font Info:    ... okay on input line 7.
LaTeX Font Info:    Checking defaults for OT1/cmr/m/n on input line 7.
LaTeX Font Info:    ... okay on input line 7.
LaTeX Font Info:    Checking defaults for OMS/cmsy/m/n on input line 7.
LaTeX Font Info:    ... okay on input line 7.
LaTeX Font Info:    Checking defaults for OMX/cmex/m/n on input line 7.
LaTeX Font Info:    ... okay on input line 7.
LaTeX Font Info:    Checking defaults for U/cmr/m/n on input line 7.
LaTeX Font Info:    ... okay on input line 7.

(/usr/share/texlive/texmf-dist/tex/context/base/supp-pdf.mkii
[Loading MPS to PDF converter (version 2006.09.02).]
\scratchcounter=\count88
\scratchdimen=\dimen105
\scratchbox=\box26
\nofMPsegments=\count89
\nofMParguments=\count90
\everyMPshowfont=\toks15
\MPscratchCnt=\count91
\MPscratchDim=\dimen106
\MPnumerator=\count92
\makeMPintoPDFobject=\count93
\everyMPtoPDFconversion=\toks16
) (/usr/share/texlive/texmf-dist/tex/generic/oberdiek/pdftexcmds.sty
Package: pdftexcmds 2011/11/29 v0.20 Utility functions of pdfTeX for LuaTeX (HO
)

(/usr/share/texlive/texmf-dist/tex/generic/oberdiek/ifluatex.sty
Package: ifluatex 2010/03/01 v1.3 Provides the ifluatex switch (HO)
Package ifluatex Info: LuaTeX not detected.
)
(/usr/share/texlive/texmf-dist/tex/generic/oberdiek/ifpdf.sty
Package: ifpdf 2011/01/30 v2.3 Provides the ifpdf switch (HO)
Package ifpdf Info: pdfTeX in PDF mode is detected.
)
Package pdftexcmds Info: LuaTeX not detected.
Package pdftexcmds Info: \pdf@primitive is available.
Package pdftexcmds Info: \pdf@ifprimitive is available.
Package pdftexcmds Info: \pdfdraftmode found.
)
(/usr/share/texlive/texmf-dist/tex/latex/oberdiek/epstopdf-base.sty
Package: epstopdf-base 2010/02/09 v2.5 Base part for package epstopdf

(/usr/share/texlive/texmf-dist/tex/latex/oberdiek/grfext.sty
Package: grfext 2010/08/19 v1.1 Manage graphics extensions (HO)

(/usr/share/texlive/texmf-dist/tex/generic/oberdiek/kvdefinekeys.sty
Package: kvdefinekeys 2011/04/07 v1.3 Define keys (HO)
))
(/usr/share/texlive/texmf-dist/tex/latex/oberdiek/kvoptions.sty
Package: kvoptions 2011/06/30 v3.11 Key value format for package options (HO)

(/usr/share/texlive/texmf-dist/tex/generic/oberdiek/kvsetkeys.sty
Package: kvsetkeys 2012/04/25 v1.16 Key value parser (HO)

(/usr/share/texlive/texmf-dist/tex/generic/oberdiek/etexcmds.sty
Package: etexcmds 2011/02/16 v1.5 Avoid name clashes with e-TeX commands (HO)
Package etexcmds Info: Could not find \expanded.
(etexcmds)             That can mean that you are not using pdfTeX 1.50 or
(etexcmds)             that some package has redefined \expanded.
(etexcmds)             In the latter case, load this package earlier.
)))
Package grfext Info: Graphics extension search list:
(grfext)             [.png,.pdf,.jpg,.mps,.jpeg,.jbig2,.jb2,.PNG,.PDF,.JPG,.JPE
G,.JBIG2,.JB2,.eps]
(grfext)             \AppendGraphicsExtensions on input line 452.

(/usr/share/texlive/texmf-dist/tex/latex/latexconfig/epstopdf-sys.cfg
File: epstopdf-sys.cfg 2010/07/13 v1.3 Configuration of (r)epstopdf for TeX Liv
e
))
LaTeX Font Info:    External font `cmex10' loaded for size
(Font)              <12> on input line 8.
LaTeX Font Info:    External font `cmex10' loaded for size
(Font)              <8> on input line 8.
LaTeX Font Info:    External font `cmex10' loaded for size
(Font)              <6> on input line 8.

<../images/report_image1.png, id=1, 1845.89626pt x 1060.96375pt>
File: ../images/report_image1.png Graphic file (type png)

<use ../images/report_image1.png>
Package pdftex.def Info: ../images/report_image1.png used on input line 13.
(pdftex.def)             Requested size: 345.0pt x 198.28265pt.

Overfull \hbox (6.79999pt too wide) in paragraph at lines 13--14
[][] 
 []

<../images/report_image2.png, id=2, 1846.9pt x 1059.96pt>
File: ../images/report_image2.png Graphic file (type png)

<use ../images/report_image2.png>
Package pdftex.def Info: ../images/report_image2.png used on input line 18.
(pdftex.def)             Requested size: 345.0pt x 197.99802pt.

Overfull \hbox (6.79999pt too wide) in paragraph at lines 18--19
[][] 
 []


Overfull \hbox (1.27728pt too wide) in paragraph at lines 23--24
\OT1/cmr/m/n/10 The United States Ge-o-log-i-cal Sur-vey (USGS) is an agency th
at main-tains records
 []

[1

{/var/lib/texmf/fonts/map/pdftex/updmap/pdftex.map}] [2 <../images/report_image
1.png> <../images/report_image2.png>]
<../images/report_image3.png, id=15, 1838.87pt x 1056.94875pt>
File: ../images/report_image3.png Graphic file (type png)

<use ../images/report_image3.png>
Package pdftex.def Info: ../images/report_image3.png used on input line 30.
(pdftex.def)             Requested size: 345.0pt x 198.2903pt.

Overfull \hbox (6.79999pt too wide) in paragraph at lines 30--31
[][] 
 []

<../images/report_image4.png, id=16, 1842.885pt x 1046.91125pt>
File: ../images/report_image4.png Graphic file (type png)

<use ../images/report_image4.png>
Package pdftex.def Info: ../images/report_image4.png used on input line 35.
(pdftex.def)             Requested size: 345.0pt x 195.97589pt.

Overfull \hbox (6.79999pt too wide) in paragraph at lines 35--36
[][] 
 []

<../images/report_image5.png, id=17, 1840.8775pt x 1047.915pt>
File: ../images/report_image5.png Graphic file (type png)

<use ../images/report_image5.png>
Package pdftex.def Info: ../images/report_image5.png used on input line 45.
(pdftex.def)             Requested size: 345.0pt x 196.38763pt.

Overfull \hbox (6.79999pt too wide) in paragraph at lines 45--46
[][] 
 []

<../images/report_image6.png, id=18, 1839.87375pt x 1072.005pt>
File: ../images/report_image6.png Graphic file (type png)

<use ../images/report_image6.png>
Package pdftex.def Info: ../images/report_image6.png used on input line 50.
(pdftex.def)             Requested size: 345.0pt x 201.0168pt.

Overfull \hbox (6.79999pt too wide) in paragraph at lines 50--51
[][] 
 []

[3 <../images/report_image3.png>] [4 <../images/report_image4.png> <../images/r
eport_image5.png>]
<../images/report_image7.png, id=25, 1847.90375pt x 1068.99374pt>
File: ../images/report_image7.png Graphic file (type png)

<use ../images/report_image7.png>
Package pdftex.def Info: ../images/report_image7.png used on input line 61.
(pdftex.def)             Requested size: 345.0pt x 199.57132pt.

Overfull \hbox (6.79999pt too wide) in paragraph at lines 61--62
[][] 
 []

[5 <../images/report_image6.png>] [6 <../images/report_image7.png>]
(./project_report.aux) ) 
Here is how much of TeX's memory you used:
 1520 strings out of 493029
 22201 string characters out of 6136234
 82538 words of memory out of 5000000
 5059 multiletter control sequences out of 15000+600000
 7280 words of font info for 26 fonts, out of 8000000 for 9000
 1141 hyphenation exceptions out of 8191
 37i,6n,23p,993b,230s stack positions out of 5000i,500n,10000p,200000b,80000s
</usr/share/texlive/texmf-dist/fonts/type1/public/amsfo
nts/cm/cmbx12.pfb></usr/share/texlive/texmf-dist/fonts/type1/public/amsfonts/cm
/cmr10.pfb></usr/share/texlive/texmf-dist/fonts/type1/public/amsfonts/cm/cmr12.
pfb></usr/share/texlive/texmf-dist/fonts/type1/public/amsfonts/cm/cmr17.pfb>
Output written on project_report.pdf (6 pages, 485974 bytes).
PDF statistics:
 46 PDF objects out of 1000 (max. 8388607)
 26 compressed objects within 1 object stream
 0 named destinations out of 1000 (max. 500000)
 36 words of extra memory for PDF output out of 10000 (max. 10000000)

